<?xml version="1.0" encoding="UTF-8"?>
<!-- Generated by org.testng.reporters.JUnitXMLReporter -->
<testsuite hostname="0812" name="Default test" tests="5" failures="0" timestamp="21 Dec 2015 11:09:30 GMT" time="0.025" errors="0">
  <testcase name="ad" time="0.009" classname="com.ilad.Tests"/>
  <testcase name="ad" time="0.001" classname="com.ilad.Tests"/>
  <testcase name="div" time="0.0" classname="com.ilad.Tests"/>
  <testcase name="mul" time="0.0" classname="com.ilad.Tests"/>
  <testcase name="subst" time="0.001" classname="com.ilad.Tests"/>
</testsuite> <!-- Default test -->
